Build started 05/06/2014 09:20:47.
Project "C:\Users\vermosen\Documents\GitHub\twsapi\twsPython\twsPython.vcxproj" on node 2 (Rebuild target(s)).
_PrepareForClean:
  Deleting file "x64\Release\twsPython.tlog\twsPython.lastbuildstate".
InitializeBuildStatus:
  Touching "x64\Release\twsPython.tlog\unsuccessfulbuild".
CustomBuild:
  Performing Custom Build Tools
  In order to function correctly, please ensure the following environment variables are correctly set: 
  PYTHON_INCLUDE: C:\Python33\include 
  PYTHON_LIB: C:\Python33\libs\python33.lib 
  Performing Custom Build Tools
  In order to function correctly, please ensure the following environment variables are correctly set: 
  PYTHON_INCLUDE: C:\Python33\include 
  PYTHON_LIB: C:\Python33\libs\python33.lib 
ClCompile:
  C:\Program Files (x86)\Microsoft Visual Studio 12.0\VC\bin\x86_amd64\CL.exe /c /IC:\Python33\include /Zi /nologo /W3 /WX- /O2 /D WIN32 /D NDEBUG /D _WINDOWS /D _USRDLL /D TWSPYTHON_EXPORTS /D _WINDLL /D _MBCS /GF /Gm- /EHsc /MT /GS /Gy /fp:precise /Zc:wchar_t /Zc:forScope /Fo"x64\Release\\" /Fd"x64\Release\vc120.pdb" /Gd /TP /errorReport:prompt contract_wrap.cxx example_wrap.cxx
  contract_wrap.cxx
C:\Program Files (x86)\Microsoft Visual Studio 12.0\VC\atlmfc\include\afxstr.h(24): fatal error C1189: #error :  afxstr.h can only be used in MFC projects.  Use atlstr.h
  example_wrap.cxx
  Generating Code...
Done Building Project "C:\Users\vermosen\Documents\GitHub\twsapi\twsPython\twsPython.vcxproj" (Rebuild target(s)) -- FAILED.

Build FAILED.

Time Elapsed 00:00:02.10
